<?xml version="1.0" encoding="UTF-8"?>
<!-- Generated by org.testng.reporters.JUnitReportReporter -->
<testsuite hostname="My-Inspiron-7415" failures="0" tests="1" name="com.supermartket.test.ManageSubcategory" time="14.479" errors="0" timestamp="2024-05-19T23:55:47 AEST" skipped="0">
  <testcase classname="com.supermartket.test.ManageSubcategory" name="verifyManageSubcategory" time="14.479"/>
  <system-out/>
</testsuite> <!-- com.supermartket.test.ManageSubcategory -->
