<?xml version="1.0" encoding="UTF-8"?>
<!-- Generated by org.testng.reporters.JUnitReportReporter -->
<testsuite hostname="My-Inspiron-7415" failures="0" tests="1" name="com.supermartket.test.CreatNewsTest" time="6.630" errors="0" timestamp="2024-05-20T19:16:41 AEST" skipped="0">
  <testcase classname="com.supermartket.test.CreatNewsTest" name="createNews" time="6.630"/>
  <system-out/>
</testsuite> <!-- com.supermartket.test.CreatNewsTest -->
