<?xml version="1.0" encoding="UTF-8"?>
<!-- Generated by org.testng.reporters.JUnitReportReporter -->
<testsuite hostname="My-Inspiron-7415" failures="0" tests="2" name="com.supermartket.test.CreateDeliveryBoy" time="25.337" errors="0" timestamp="2024-05-17T16:25:42 AEST" skipped="0">
  <testcase classname="com.supermartket.test.CreateDeliveryBoy" name="verifyUserIsAbleToCreateMultipleDeliveryBoys" time="11.234"/>
  <system-out/>
  <testcase classname="com.supermartket.test.CreateDeliveryBoy" name="verifyUserIsAbleToCreateMultipleDeliveryBoys" time="14.103"/>
  <system-out/>
</testsuite> <!-- com.supermartket.test.CreateDeliveryBoy -->
