<?xml version="1.0" encoding="UTF-8"?>
<!-- Generated by org.testng.reporters.JUnitReportReporter -->
<testsuite hostname="My-Inspiron-7415" failures="0" tests="1" name="supermarketframework.ManageSubcategory" time="15.239" errors="0" timestamp="2024-05-20T19:03:34 AEST" skipped="0">
  <testcase classname="supermarketframework.ManageSubcategory" name="verifyManageSubcategory" time="15.239"/>
  <system-out/>
</testsuite> <!-- supermarketframework.ManageSubcategory -->
