<?xml version="1.0" encoding="UTF-8"?>
<!-- Generated by org.testng.reporters.JUnitReportReporter -->
<testsuite hostname="My-Inspiron-7415" failures="0" tests="1" name="com.supermartket.test.ManageLocation" time="21.579" errors="0" timestamp="2024-05-20T15:08:55 AEST" skipped="0">
  <testcase classname="com.supermartket.test.ManageLocation" name="verifyManageLocation" time="21.579"/>
  <system-out/>
</testsuite> <!-- com.supermartket.test.ManageLocation -->
