<?xml version="1.0" encoding="UTF-8"?>
<!-- Generated by org.testng.reporters.JUnitReportReporter -->
<testsuite hostname="My-Inspiron-7415" failures="0" tests="1" name="com.supermartket.test.manageOrderPage" time="12.934" errors="0" timestamp="2024-05-20T19:17:25 AEST" skipped="0">
  <testcase classname="com.supermartket.test.manageOrderPage" name="verifyManageOrderPage" time="12.934"/>
  <system-out/>
</testsuite> <!-- com.supermartket.test.manageOrderPage -->
