<?xml version="1.0" encoding="UTF-8"?>
<!-- Generated by org.testng.reporters.JUnitReportReporter -->
<testsuite hostname="My-Inspiron-7415" failures="0" tests="1" name="com.supermartket.test.ManageLocation" time="12.052" errors="0" timestamp="2024-05-20T19:09:59 AEST" skipped="0">
  <testcase classname="com.supermartket.test.ManageLocation" name="verifyManageLocation" time="12.052"/>
  <system-out/>
</testsuite> <!-- com.supermartket.test.ManageLocation -->
