<?xml version="1.0" encoding="UTF-8"?>
<!-- Generated by org.testng.reporters.JUnitReportReporter -->
<testsuite hostname="My-Inspiron-7415" failures="0" tests="1" name="com.supermartket.test.ManageOfferCode" time="10.781" errors="0" timestamp="2024-05-20T15:17:45 AEST" skipped="0">
  <testcase classname="com.supermartket.test.ManageOfferCode" name="verifyMaanageOffercodePage" time="10.781"/>
  <system-out/>
</testsuite> <!-- com.supermartket.test.ManageOfferCode -->
