<?xml version="1.0" encoding="UTF-8"?>
<!-- Generated by org.testng.reporters.JUnitReportReporter -->
<testsuite hostname="My-Inspiron-7415" failures="0" tests="1" name="com.supermartket.test.LoginTestCase" time="9.283" errors="0" timestamp="2024-05-17T16:25:42 AEST" skipped="0">
  <testcase classname="com.supermartket.test.LoginTestCase" name="manageExpense" time="9.283"/>
  <system-out/>
</testsuite> <!-- com.supermartket.test.LoginTestCase -->
