<?xml version="1.0" encoding="UTF-8"?>
<!-- Generated by org.testng.reporters.JUnitReportReporter -->
<testsuite hostname="My-Inspiron-7415" failures="0" tests="1" name="com.supermartket.test.LoginTest" time="12.564" errors="0" timestamp="2024-05-09T15:13:26 AEST" skipped="0">
  <testcase classname="com.supermartket.test.LoginTest" name="verifyLogin" time="12.564"/>
  <system-out/>
</testsuite> <!-- com.supermartket.test.LoginTest -->
