<?xml version="1.0" encoding="UTF-8"?>
<!-- Generated by org.testng.reporters.JUnitReportReporter -->
<testsuite hostname="My-Inspiron-7415" failures="0" tests="1" name="com.supermartket.test.ManageExpenseTestCase" time="10.793" errors="0" timestamp="2024-05-09T15:12:44 AEST" skipped="0">
  <testcase classname="com.supermartket.test.ManageExpenseTestCase" name="manageExpense" time="10.793"/>
  <system-out/>
</testsuite> <!-- com.supermartket.test.ManageExpenseTestCase -->
