<?xml version="1.0" encoding="UTF-8"?>
<!-- Generated by org.testng.reporters.JUnitReportReporter -->
<testsuite hostname="My-Inspiron-7415" failures="0" tests="1" name="supermarketframework.ManageLocation" time="12.048" errors="0" timestamp="2024-05-20T19:03:57 AEST" skipped="0">
  <testcase classname="supermarketframework.ManageLocation" name="verifyManageLocation" time="12.048"/>
  <system-out/>
</testsuite> <!-- supermarketframework.ManageLocation -->
