<?xml version="1.0" encoding="UTF-8"?>
<!-- Generated by org.testng.reporters.JUnitReportReporter -->
<testsuite hostname="My-Inspiron-7415" failures="0" tests="1" name="com.supermartket.test.ManagePage" time="15.751" errors="0" timestamp="2024-05-21T09:38:26 AEST" skipped="0">
  <testcase classname="com.supermartket.test.ManagePage" name="verifyManagePage" time="15.751"/>
  <system-out/>
</testsuite> <!-- com.supermartket.test.ManagePage -->
