<?xml version="1.0" encoding="UTF-8"?>
<!-- Generated by org.testng.reporters.JUnitReportReporter -->
<testsuite hostname="My-Inspiron-7415" failures="0" tests="1" name="supermarketframework.AddUsers" time="8.245" errors="0" timestamp="2024-05-20T20:51:33 AEST" skipped="0">
  <testcase classname="supermarketframework.AddUsers" name="myadminTest" time="8.245"/>
  <system-out/>
</testsuite> <!-- supermarketframework.AddUsers -->
