<?xml version="1.0" encoding="UTF-8"?>
<!-- Generated by org.testng.reporters.JUnitReportReporter -->
<testsuite hostname="My-Inspiron-7415" failures="0" tests="1" name="com.supermartket.test.LoginTestCase" time="13.073" errors="0" timestamp="2024-05-20T17:53:42 AEST" skipped="0">
  <testcase classname="com.supermartket.test.LoginTestCase" name="manageExpense" time="13.073"/>
  <system-out/>
</testsuite> <!-- com.supermartket.test.LoginTestCase -->
