<?xml version="1.0" encoding="UTF-8"?>
<!-- Generated by org.testng.reporters.JUnitReportReporter -->
<testsuite hostname="My-Inspiron-7415" failures="0" tests="1" name="com.supermartket.test.manageOrderPage" time="13.775" errors="0" timestamp="2024-05-20T20:51:33 AEST" skipped="0">
  <testcase classname="com.supermartket.test.manageOrderPage" name="verifyManageOrderPage" time="13.775"/>
  <system-out/>
</testsuite> <!-- com.supermartket.test.manageOrderPage -->
