<?xml version="1.0" encoding="UTF-8"?>
<!-- Generated by org.testng.reporters.JUnitReportReporter -->
<testsuite hostname="My-Inspiron-7415" failures="0" tests="2" name="com.supermartket.test.CreateDeliveryBoy" time="20.201" errors="0" timestamp="2024-05-20T20:51:33 AEST" skipped="0">
  <testcase classname="com.supermartket.test.CreateDeliveryBoy" name="verifyUserIsAbleToCreateMultipleDeliveryBoys" time="8.335"/>
  <system-out/>
  <testcase classname="com.supermartket.test.CreateDeliveryBoy" name="verifyUserIsAbleToCreateMultipleDeliveryBoys" time="11.866"/>
  <system-out/>
</testsuite> <!-- com.supermartket.test.CreateDeliveryBoy -->
