<?xml version="1.0" encoding="UTF-8"?>
<!-- Generated by org.testng.reporters.JUnitReportReporter -->
<testsuite hostname="My-Inspiron-7415" failures="0" tests="1" name="com.supermartket.test.ManageSliderPage" time="10.621" errors="0" timestamp="2024-05-20T20:51:33 AEST" skipped="0">
  <testcase classname="com.supermartket.test.ManageSliderPage" name="manageSliderPage" time="10.621"/>
  <system-out/>
</testsuite> <!-- com.supermartket.test.ManageSliderPage -->
