<?xml version="1.0" encoding="UTF-8"?>
<!-- Generated by org.testng.reporters.JUnitReportReporter -->
<testsuite hostname="My-Inspiron-7415" failures="0" tests="1" name="supermarketframework.ManageSubcategory" time="32.950" errors="0" timestamp="2024-05-21T09:38:26 AEST" skipped="0">
  <testcase classname="supermarketframework.ManageSubcategory" name="verifyManageSubcategory" time="32.950"/>
  <system-out/>
</testsuite> <!-- supermarketframework.ManageSubcategory -->
