<?xml version="1.0" encoding="UTF-8"?>
<!-- Generated by org.testng.reporters.JUnitReportReporter -->
<testsuite hostname="My-Inspiron-7415" failures="0" tests="1" name="com.supermartket.test.categoryMain" time="17.969" errors="0" timestamp="2024-05-20T20:27:27 AEST" skipped="0">
  <testcase classname="com.supermartket.test.categoryMain" name="verfityCategoryMainPage" time="17.969"/>
  <system-out/>
</testsuite> <!-- com.supermartket.test.categoryMain -->
