<?xml version="1.0" encoding="UTF-8"?>
<!-- Generated by org.testng.reporters.JUnitReportReporter -->
<testsuite hostname="My-Inspiron-7415" failures="0" tests="1" name="supermarketframework.AddUsers" time="12.121" errors="0" timestamp="2024-05-21T09:38:26 AEST" skipped="0">
  <testcase classname="supermarketframework.AddUsers" name="myadminTest" time="12.121"/>
  <system-out/>
</testsuite> <!-- supermarketframework.AddUsers -->
