<?xml version="1.0" encoding="UTF-8"?>
<!-- Generated by org.testng.reporters.JUnitReportReporter -->
<testsuite hostname="My-Inspiron-7415" failures="0" tests="2" name="com.supermartket.test.CreateDeliveryBoy" time="38.889" errors="0" timestamp="2024-05-21T09:38:26 AEST" skipped="0">
  <testcase classname="com.supermartket.test.CreateDeliveryBoy" name="verifyUserIsAbleToCreateMultipleDeliveryBoys" time="26.302"/>
  <system-out/>
  <testcase classname="com.supermartket.test.CreateDeliveryBoy" name="verifyUserIsAbleToCreateMultipleDeliveryBoys" time="12.587"/>
  <system-out/>
</testsuite> <!-- com.supermartket.test.CreateDeliveryBoy -->
